
   UnexpectedValueException  : The stream or file "/home/avdesign/Projects/saoroque/storage/logs/laravel-2019-07-27.log" could not be opened: failed to open stream: Permission denied

  at /home/avdesign/Projects/saoroque/vendor/monolog/monolog/src/Monolog/Handler/StreamHandler.php:107
    103|             }
    104|             restore_error_handler();
    105|             if (!is_resource($this->stream)) {
    106|                 $this->stream = null;
  > 107|                 throw new \UnexpectedValueException(sprintf('The stream or file "%s" could not be opened: '.$this->errorMessage, $this->url));
    108|             }
    109|         }
    110| 
    111|         if ($this->useLocking) {

  Exception trace:

  1   Monolog\Handler\StreamHandler::write()
      /home/avdesign/Projects/saoroque/vendor/monolog/monolog/src/Monolog/Handler/RotatingFileHandler.php:119

  2   Monolog\Handler\RotatingFileHandler::write()
      /home/avdesign/Projects/saoroque/vendor/monolog/monolog/src/Monolog/Handler/AbstractProcessingHandler.php:39

  Please use the argument -v to see more details.

   UnexpectedValueException  : The stream or file "/home/avdesign/Projects/saoroque/storage/logs/laravel-2019-07-27.log" could not be opened: failed to open stream: Permission denied

  at /home/avdesign/Projects/saoroque/vendor/monolog/monolog/src/Monolog/Handler/StreamHandler.php:107
    103|             }
    104|             restore_error_handler();
    105|             if (!is_resource($this->stream)) {
    106|                 $this->stream = null;
  > 107|                 throw new \UnexpectedValueException(sprintf('The stream or file "%s" could not be opened: '.$this->errorMessage, $this->url));
    108|             }
    109|         }
    110| 
    111|         if ($this->useLocking) {

  Exception trace:

  1   Monolog\Handler\StreamHandler::write()
      /home/avdesign/Projects/saoroque/vendor/monolog/monolog/src/Monolog/Handler/RotatingFileHandler.php:119

  2   Monolog\Handler\RotatingFileHandler::write()
      /home/avdesign/Projects/saoroque/vendor/monolog/monolog/src/Monolog/Handler/AbstractProcessingHandler.php:39

  Please use the argument -v to see more details.


In StreamHandler.php line 107:
                                                                               
  The stream or file "/home/avdesign/Projects/saoroque/storage/logs/laravel-2  
  019-07-27.log" could not be opened: failed to open stream: Permission denie  
  d                                                                            
                                                                               

In StreamHandler.php line 107:
                                                                               
  The stream or file "/home/avdesign/Projects/saoroque/storage/logs/laravel-2  
  019-07-27.log" could not be opened: failed to open stream: Permission denie  
  d                                                                            
                                                                               



In StreamHandler.php line 107:
                                                                               
  The stream or file "/home/avdesign/Projects/saoroque/storage/logs/laravel-2  
  019-07-27.log" could not be opened: failed to open stream: Permission denie  
  d                                                                            
                                                                               

In StreamHandler.php line 107:
                                                                               
  The stream or file "/home/avdesign/Projects/saoroque/storage/logs/laravel-2  
  019-07-27.log" could not be opened: failed to open stream: Permission denie  
  d                                                                            
                                                                               



In StreamHandler.php line 107:
                                                                               
  The stream or file "/home/avdesign/Projects/saoroque/storage/logs/laravel-2  
  019-07-27.log" could not be opened: failed to open stream: Permission denie  
  d                                                                            
                                                                               

In StreamHandler.php line 107:
                                                                               
  The stream or file "/home/avdesign/Projects/saoroque/storage/logs/laravel-2  
  019-07-27.log" could not be opened: failed to open stream: Permission denie  
  d                                                                            
                                                                               


In StreamHandler.php line 107:
                                                                               
  The stream or file "/home/avdesign/Projects/saoroque/storage/logs/laravel-2  
  019-07-27.log" could not be opened: failed to open stream: Permission denie  
  d                                                                            
                                                                               


In StreamHandler.php line 107:
                                                                               
  The stream or file "/home/avdesign/Projects/saoroque/storage/logs/laravel-2  
  019-07-27.log" could not be opened: failed to open stream: Permission denie  
  d                                                                            
                                                                               

